# JRE version: OpenJDK Runtime Environment Temurin-17.0.7+7 (17.0.7+7) (build 17.0.7+7)
# Java VM: OpenJDK 64-Bit Server VM Temurin-17.0.7+7 (17.0.7+7, mixed mode, tiered, compressed oops, compressed class ptrs, g1 gc, windows-amd64)
GC Precious Log:
 CPUs: 8 total, 8 available
 Memory: 16254M
 Large Page Support: Disabled
 NUMA Support: Disabled
 Compressed Oops: Enabled (Zero based)
 Heap Region Size: 2M
 Heap Min Capacity: 8M
 Heap Initial Capacity: 254M
 Heap Max Capacity: 4064M
 Pre-touch: Disabled
 Parallel Workers: 8
 Concurrent Workers: 2
 Concurrent Refinement Workers: 8
 Periodic GC: Disabled
Heap:
 garbage-first heap   total 346112K, used 80472K [0x0000000702000000, 0x0000000800000000)
  region size 2048K, 8 young (16384K), 3 survivors (6144K)
 Metaspace       used 37440K, committed 37760K, reserved 1114112K
  class space    used 3962K, committed 4160K, reserved 1048576K
GC Heap History (20 events):
Event: 4.229 GC heap before
{Heap before GC invocations=4 (full 0):
 garbage-first heap   total 34816K, used 22972K [0x0000000702000000, 0x0000000800000000)
  region size 2048K, 11 young (22528K), 2 survivors (4096K)
 Metaspace       used 24758K, committed 24960K, reserved 1114112K
  class space    used 2677K, committed 2816K, reserved 1048576K
}
Event: 4.233 GC heap after
{Heap after GC invocations=5 (full 0):
 garbage-first heap   total 34816K, used 8321K [0x0000000702000000, 0x0000000800000000)
  region size 2048K, 3 young (6144K), 3 survivors (6144K)
 Metaspace       used 24758K, committed 24960K, reserved 1114112K
  class space    used 2677K, committed 2816K, reserved 1048576K
}
Event: 4.405 GC heap before
{Heap before GC invocations=5 (full 0):
 garbage-first heap   total 34816K, used 22657K [0x0000000702000000, 0x0000000800000000)
  region size 2048K, 10 young (20480K), 3 survivors (6144K)
 Metaspace       used 25282K, committed 25472K, reserved 1114112K
  class space    used 2721K, committed 2816K, reserved 1048576K
}
Event: 4.411 GC heap after
{Heap after GC invocations=6 (full 0):
 garbage-first heap   total 34816K, used 10269K [0x0000000702000000, 0x0000000800000000)
  region size 2048K, 2 young (4096K), 2 survivors (4096K)
 Metaspace       used 25282K, committed 25472K, reserved 1114112K
  class space    used 2721K, committed 2816K, reserved 1048576K
}
Event: 4.645 GC heap before
{Heap before GC invocations=6 (full 0):
 garbage-first heap   total 34816K, used 22557K [0x0000000702000000, 0x0000000800000000)
  region size 2048K, 8 young (16384K), 2 survivors (4096K)
 Metaspace       used 25572K, committed 25792K, reserved 1114112K
  class space    used 2753K, committed 2880K, reserved 1048576K
}
Event: 4.652 GC heap after
{Heap after GC invocations=7 (full 0):
 garbage-first heap   total 34816K, used 11800K [0x0000000702000000, 0x0000000800000000)
  region size 2048K, 1 young (2048K), 1 survivors (2048K)
 Metaspace       used 25572K, committed 25792K, reserved 1114112K
  class space    used 2753K, committed 2880K, reserved 1048576K
}
Event: 4.787 GC heap before
{Heap before GC invocations=7 (full 0):
 garbage-first heap   total 34816K, used 24088K [0x0000000702000000, 0x0000000800000000)
  region size 2048K, 7 young (14336K), 1 survivors (2048K)
 Metaspace       used 25691K, committed 25920K, reserved 1114112K
  class space    used 2754K, committed 2880K, reserved 1048576K
}
Event: 4.791 GC heap after
{Heap after GC invocations=8 (full 0):
 garbage-first heap   total 147456K, used 13178K [0x0000000702000000, 0x0000000800000000)
  region size 2048K, 1 young (2048K), 1 survivors (2048K)
 Metaspace       used 25691K, committed 25920K, reserved 1114112K
  class space    used 2754K, committed 2880K, reserved 1048576K
}
Event: 5.514 GC heap before
{Heap before GC invocations=8 (full 0):
 garbage-first heap   total 147456K, used 99194K [0x0000000702000000, 0x0000000800000000)
  region size 2048K, 43 young (88064K), 1 survivors (2048K)
 Metaspace       used 26392K, committed 26624K, reserved 1114112K
  class space    used 2762K, committed 2880K, reserved 1048576K
}
Event: 5.523 GC heap after
{Heap after GC invocations=9 (full 0):
 garbage-first heap   total 147456K, used 20031K [0x0000000702000000, 0x0000000800000000)
  region size 2048K, 4 young (8192K), 4 survivors (8192K)
 Metaspace       used 26392K, committed 26624K, reserved 1114112K
  class space    used 2762K, committed 2880K, reserved 1048576K
}
Event: 8.144 GC heap before
{Heap before GC invocations=9 (full 0):
 garbage-first heap   total 147456K, used 124479K [0x0000000702000000, 0x0000000800000000)
  region size 2048K, 40 young (81920K), 4 survivors (8192K)
 Metaspace       used 29613K, committed 29952K, reserved 1114112K
  class space    used 3088K, committed 3264K, reserved 1048576K
}
Event: 8.154 GC heap after
{Heap after GC invocations=10 (full 0):
 garbage-first heap   total 147456K, used 26693K [0x0000000702000000, 0x0000000800000000)
  region size 2048K, 4 young (8192K), 4 survivors (8192K)
 Metaspace       used 29613K, committed 29952K, reserved 1114112K
  class space    used 3088K, committed 3264K, reserved 1048576K
}
Event: 8.797 GC heap before
{Heap before GC invocations=10 (full 0):
 garbage-first heap   total 147456K, used 84037K [0x0000000702000000, 0x0000000800000000)
  region size 2048K, 31 young (63488K), 4 survivors (8192K)
 Metaspace       used 35689K, committed 35968K, reserved 1114112K
  class space    used 3823K, committed 3968K, reserved 1048576K
}
Event: 8.809 GC heap after
{Heap after GC invocations=11 (full 0):
 garbage-first heap   total 147456K, used 44094K [0x0000000702000000, 0x0000000800000000)
  region size 2048K, 6 young (12288K), 6 survivors (12288K)
 Metaspace       used 35689K, committed 35968K, reserved 1114112K
  class space    used 3823K, committed 3968K, reserved 1048576K
}
Event: 9.484 GC heap before
{Heap before GC invocations=12 (full 0):
 garbage-first heap   total 147456K, used 103486K [0x0000000702000000, 0x0000000800000000)
  region size 2048K, 35 young (71680K), 6 survivors (12288K)
 Metaspace       used 36519K, committed 36800K, reserved 1114112K
  class space    used 3886K, committed 4032K, reserved 1048576K
}
Event: 9.496 GC heap after
{Heap after GC invocations=13 (full 0):
 garbage-first heap   total 147456K, used 62588K [0x0000000702000000, 0x0000000800000000)
  region size 2048K, 5 young (10240K), 5 survivors (10240K)
 Metaspace       used 36519K, committed 36800K, reserved 1114112K
  class space    used 3886K, committed 4032K, reserved 1048576K
}
Event: 9.500 GC heap before
{Heap before GC invocations=13 (full 0):
 garbage-first heap   total 147456K, used 64636K [0x0000000702000000, 0x0000000800000000)
  region size 2048K, 6 young (12288K), 5 survivors (10240K)
 Metaspace       used 36519K, committed 36800K, reserved 1114112K
  class space    used 3886K, committed 4032K, reserved 1048576K
}
Event: 9.507 GC heap after
{Heap after GC invocations=14 (full 0):
 garbage-first heap   total 147456K, used 64936K [0x0000000702000000, 0x0000000800000000)
  region size 2048K, 1 young (2048K), 1 survivors (2048K)
 Metaspace       used 36519K, committed 36800K, reserved 1114112K
  class space    used 3886K, committed 4032K, reserved 1048576K
}
Event: 9.943 GC heap before
{Heap before GC invocations=14 (full 0):
 garbage-first heap   total 147456K, used 101800K [0x0000000702000000, 0x0000000800000000)
  region size 2048K, 20 young (40960K), 1 survivors (2048K)
 Metaspace       used 37349K, committed 37696K, reserved 1114112K
  class space    used 3959K, committed 4160K, reserved 1048576K
}
Event: 9.952 GC heap after
{Heap after GC invocations=15 (full 0):
 garbage-first heap   total 346112K, used 72280K [0x0000000702000000, 0x0000000800000000)
  region size 2048K, 3 young (6144K), 3 survivors (6144K)
 Metaspace       used 37349K, committed 37696K, reserved 1114112K
  class space    used 3959K, committed 4160K, reserved 1048576K
}

