# JRE version: OpenJDK Runtime Environment Temurin-17.0.7+7 (17.0.7+7) (build 17.0.7+7)
# Java VM: OpenJDK 64-Bit Server VM Temurin-17.0.7+7 (17.0.7+7, mixed mode, tiered, compressed oops, compressed class ptrs, g1 gc, windows-amd64)
GC Precious Log:
 CPUs: 8 total, 8 available
 Memory: 16254M
 Large Page Support: Disabled
 NUMA Support: Disabled
 Compressed Oops: Enabled (Zero based)
 Heap Region Size: 2M
 Heap Min Capacity: 8M
 Heap Initial Capacity: 254M
 Heap Max Capacity: 4064M
 Pre-touch: Disabled
 Parallel Workers: 8
 Concurrent Workers: 2
 Concurrent Refinement Workers: 8
 Periodic GC: Disabled
Heap:
 garbage-first heap   total 147456K, used 134329K [0x0000000702000000, 0x0000000800000000)
  region size 2048K, 47 young (96256K), 6 survivors (12288K)
 Metaspace       used 34192K, committed 34496K, reserved 1114112K
  class space    used 3733K, committed 3904K, reserved 1048576K
GC Heap History (17 events):
Event: 0.906 GC heap before
{Heap before GC invocations=0 (full 0):
 garbage-first heap   total 260096K, used 22528K [0x0000000702000000, 0x0000000800000000)
  region size 2048K, 11 young (22528K), 0 survivors (0K)
 Metaspace       used 15644K, committed 15872K, reserved 1114112K
  class space    used 1547K, committed 1664K, reserved 1048576K
}
Event: 0.910 GC heap after
{Heap after GC invocations=1 (full 0):
 garbage-first heap   total 260096K, used 4168K [0x0000000702000000, 0x0000000800000000)
  region size 2048K, 2 young (4096K), 2 survivors (4096K)
 Metaspace       used 15644K, committed 15872K, reserved 1114112K
  class space    used 1547K, committed 1664K, reserved 1048576K
}
Event: 1.324 GC heap before
{Heap before GC invocations=1 (full 0):
 garbage-first heap   total 260096K, used 32840K [0x0000000702000000, 0x0000000800000000)
  region size 2048K, 16 young (32768K), 2 survivors (4096K)
 Metaspace       used 19176K, committed 19328K, reserved 1114112K
  class space    used 1989K, committed 2048K, reserved 1048576K
}
Event: 1.328 GC heap after
{Heap after GC invocations=2 (full 0):
 garbage-first heap   total 260096K, used 5619K [0x0000000702000000, 0x0000000800000000)
  region size 2048K, 1 young (2048K), 1 survivors (2048K)
 Metaspace       used 19176K, committed 19328K, reserved 1114112K
  class space    used 1989K, committed 2048K, reserved 1048576K
}
Event: 1.563 GC heap before
{Heap before GC invocations=2 (full 0):
 garbage-first heap   total 260096K, used 15859K [0x0000000702000000, 0x0000000800000000)
  region size 2048K, 7 young (14336K), 1 survivors (2048K)
 Metaspace       used 21353K, committed 21504K, reserved 1114112K
  class space    used 2274K, committed 2304K, reserved 1048576K
}
Event: 1.566 GC heap after
{Heap after GC invocations=3 (full 0):
 garbage-first heap   total 260096K, used 6695K [0x0000000702000000, 0x0000000800000000)
  region size 2048K, 2 young (4096K), 2 survivors (4096K)
 Metaspace       used 21353K, committed 21504K, reserved 1114112K
  class space    used 2274K, committed 2304K, reserved 1048576K
}
Event: 1.982 GC heap before
{Heap before GC invocations=4 (full 0):
 garbage-first heap   total 34816K, used 23079K [0x0000000702000000, 0x0000000800000000)
  region size 2048K, 11 young (22528K), 2 survivors (4096K)
 Metaspace       used 24777K, committed 25024K, reserved 1114112K
  class space    used 2677K, committed 2816K, reserved 1048576K
}
Event: 1.987 GC heap after
{Heap after GC invocations=5 (full 0):
 garbage-first heap   total 34816K, used 8358K [0x0000000702000000, 0x0000000800000000)
  region size 2048K, 3 young (6144K), 3 survivors (6144K)
 Metaspace       used 24777K, committed 25024K, reserved 1114112K
  class space    used 2677K, committed 2816K, reserved 1048576K
}
Event: 2.184 GC heap before
{Heap before GC invocations=5 (full 0):
 garbage-first heap   total 34816K, used 22694K [0x0000000702000000, 0x0000000800000000)
  region size 2048K, 10 young (20480K), 3 survivors (6144K)
 Metaspace       used 25303K, committed 25472K, reserved 1114112K
  class space    used 2722K, committed 2816K, reserved 1048576K
}
Event: 2.191 GC heap after
{Heap after GC invocations=6 (full 0):
 garbage-first heap   total 34816K, used 10284K [0x0000000702000000, 0x0000000800000000)
  region size 2048K, 2 young (4096K), 2 survivors (4096K)
 Metaspace       used 25303K, committed 25472K, reserved 1114112K
  class space    used 2722K, committed 2816K, reserved 1048576K
}
Event: 2.324 GC heap before
{Heap before GC invocations=6 (full 0):
 garbage-first heap   total 34816K, used 22572K [0x0000000702000000, 0x0000000800000000)
  region size 2048K, 8 young (16384K), 2 survivors (4096K)
 Metaspace       used 25567K, committed 25792K, reserved 1114112K
  class space    used 2748K, committed 2880K, reserved 1048576K
}
Event: 2.330 GC heap after
{Heap after GC invocations=7 (full 0):
 garbage-first heap   total 34816K, used 11661K [0x0000000702000000, 0x0000000800000000)
  region size 2048K, 1 young (2048K), 1 survivors (2048K)
 Metaspace       used 25567K, committed 25792K, reserved 1114112K
  class space    used 2748K, committed 2880K, reserved 1048576K
}
Event: 2.455 GC heap before
{Heap before GC invocations=7 (full 0):
 garbage-first heap   total 34816K, used 21901K [0x0000000702000000, 0x0000000800000000)
  region size 2048K, 7 young (14336K), 1 survivors (2048K)
 Metaspace       used 25682K, committed 25856K, reserved 1114112K
  class space    used 2749K, committed 2880K, reserved 1048576K
}
Event: 2.459 GC heap after
{Heap after GC invocations=8 (full 0):
 garbage-first heap   total 34816K, used 12858K [0x0000000702000000, 0x0000000800000000)
  region size 2048K, 1 young (2048K), 1 survivors (2048K)
 Metaspace       used 25682K, committed 25856K, reserved 1114112K
  class space    used 2749K, committed 2880K, reserved 1048576K
}
Event: 2.554 GC heap before
{Heap before GC invocations=8 (full 0):
 garbage-first heap   total 34816K, used 23098K [0x0000000702000000, 0x0000000800000000)
  region size 2048K, 6 young (12288K), 1 survivors (2048K)
 Metaspace       used 25751K, committed 25984K, reserved 1114112K
  class space    used 2751K, committed 2880K, reserved 1048576K
}
Event: 2.557 GC heap after
{Heap after GC invocations=9 (full 0):
 garbage-first heap   total 147456K, used 13497K [0x0000000702000000, 0x0000000800000000)
  region size 2048K, 1 young (2048K), 1 survivors (2048K)
 Metaspace       used 25751K, committed 25984K, reserved 1114112K
  class space    used 2751K, committed 2880K, reserved 1048576K
}
Event: 4.011 GC heap before
{Heap before GC invocations=9 (full 0):
 garbage-first heap   total 147456K, used 132281K [0x0000000702000000, 0x0000000800000000)
  region size 2048K, 42 young (86016K), 1 survivors (2048K)
 Metaspace       used 34192K, committed 34496K, reserved 1114112K
  class space    used 3733K, committed 3904K, reserved 1048576K
}

