# JRE version: OpenJDK Runtime Environment Temurin-17.0.7+7 (17.0.7+7) (build 17.0.7+7)
# Java VM: OpenJDK 64-Bit Server VM Temurin-17.0.7+7 (17.0.7+7, mixed mode, emulated-client, tiered, compressed oops, compressed class ptrs, g1 gc, windows-amd64)
GC Precious Log:
 CPUs: 8 total, 8 available
 Memory: 16254M
 Large Page Support: Disabled
 NUMA Support: Disabled
 Compressed Oops: Enabled (Zero based)
 Heap Region Size: 2M
 Heap Min Capacity: 8M
 Heap Initial Capacity: 254M
 Heap Max Capacity: 4064M
 Pre-touch: Disabled
 Parallel Workers: 8
 Concurrent Workers: 2
 Concurrent Refinement Workers: 8
 Periodic GC: Disabled
Heap:
 garbage-first heap   total 81920K, used 48303K [0x0000000702000000, 0x0000000800000000)
  region size 2048K, 14 young (28672K), 2 survivors (4096K)
 Metaspace       used 53590K, committed 54080K, reserved 1114112K
  class space    used 7021K, committed 7232K, reserved 1048576K
GC Heap History (20 events):
Event: 0.718 GC heap before
{Heap before GC invocations=0 (full 0):
 garbage-first heap   total 260096K, used 20480K [0x0000000702000000, 0x0000000800000000)
  region size 2048K, 11 young (22528K), 0 survivors (0K)
 Metaspace       used 13177K, committed 13376K, reserved 1114112K
  class space    used 1346K, committed 1408K, reserved 1048576K
}
Event: 0.723 GC heap after
{Heap after GC invocations=1 (full 0):
 garbage-first heap   total 260096K, used 10968K [0x0000000702000000, 0x0000000800000000)
  region size 2048K, 2 young (4096K), 2 survivors (4096K)
 Metaspace       used 13177K, committed 13376K, reserved 1114112K
  class space    used 1346K, committed 1408K, reserved 1048576K
}
Event: 1.024 GC heap before
{Heap before GC invocations=1 (full 0):
 garbage-first heap   total 260096K, used 29400K [0x0000000702000000, 0x0000000800000000)
  region size 2048K, 11 young (22528K), 2 survivors (4096K)
 Metaspace       used 17928K, committed 18240K, reserved 1114112K
  class space    used 2009K, committed 2176K, reserved 1048576K
}
Event: 1.028 GC heap after
{Heap after GC invocations=2 (full 0):
 garbage-first heap   total 260096K, used 11733K [0x0000000702000000, 0x0000000800000000)
  region size 2048K, 1 young (2048K), 1 survivors (2048K)
 Metaspace       used 17928K, committed 18240K, reserved 1114112K
  class space    used 2009K, committed 2176K, reserved 1048576K
}
Event: 1.221 GC heap before
{Heap before GC invocations=2 (full 0):
 garbage-first heap   total 260096K, used 28117K [0x0000000702000000, 0x0000000800000000)
  region size 2048K, 10 young (20480K), 1 survivors (2048K)
 Metaspace       used 21253K, committed 21568K, reserved 1114112K
  class space    used 2514K, committed 2624K, reserved 1048576K
}
Event: 1.224 GC heap after
{Heap after GC invocations=3 (full 0):
 garbage-first heap   total 260096K, used 12721K [0x0000000702000000, 0x0000000800000000)
  region size 2048K, 2 young (4096K), 2 survivors (4096K)
 Metaspace       used 21253K, committed 21568K, reserved 1114112K
  class space    used 2514K, committed 2624K, reserved 1048576K
}
Event: 1.426 GC heap before
{Heap before GC invocations=4 (full 0):
 garbage-first heap   total 55296K, used 35249K [0x0000000702000000, 0x0000000800000000)
  region size 2048K, 15 young (30720K), 2 survivors (4096K)
 Metaspace       used 25178K, committed 25472K, reserved 1114112K
  class space    used 3097K, committed 3200K, reserved 1048576K
}
Event: 1.430 GC heap after
{Heap after GC invocations=5 (full 0):
 garbage-first heap   total 55296K, used 14102K [0x0000000702000000, 0x0000000800000000)
  region size 2048K, 2 young (4096K), 2 survivors (4096K)
 Metaspace       used 25178K, committed 25472K, reserved 1114112K
  class space    used 3097K, committed 3200K, reserved 1048576K
}
Event: 1.562 GC heap before
{Heap before GC invocations=5 (full 0):
 garbage-first heap   total 55296K, used 30486K [0x0000000702000000, 0x0000000800000000)
  region size 2048K, 11 young (22528K), 2 survivors (4096K)
 Metaspace       used 28704K, committed 29056K, reserved 1114112K
  class space    used 3463K, committed 3648K, reserved 1048576K
}
Event: 1.567 GC heap after
{Heap after GC invocations=6 (full 0):
 garbage-first heap   total 55296K, used 16611K [0x0000000702000000, 0x0000000800000000)
  region size 2048K, 2 young (4096K), 2 survivors (4096K)
 Metaspace       used 28704K, committed 29056K, reserved 1114112K
  class space    used 3463K, committed 3648K, reserved 1048576K
}
Event: 1.748 GC heap before
{Heap before GC invocations=6 (full 0):
 garbage-first heap   total 55296K, used 35043K [0x0000000702000000, 0x0000000800000000)
  region size 2048K, 11 young (22528K), 2 survivors (4096K)
 Metaspace       used 30552K, committed 30848K, reserved 1114112K
  class space    used 3744K, committed 3904K, reserved 1048576K
}
Event: 1.753 GC heap after
{Heap after GC invocations=7 (full 0):
 garbage-first heap   total 55296K, used 18085K [0x0000000702000000, 0x0000000800000000)
  region size 2048K, 1 young (2048K), 1 survivors (2048K)
 Metaspace       used 30552K, committed 30848K, reserved 1114112K
  class space    used 3744K, committed 3904K, reserved 1048576K
}
Event: 2.062 GC heap before
{Heap before GC invocations=7 (full 0):
 garbage-first heap   total 55296K, used 36517K [0x0000000702000000, 0x0000000800000000)
  region size 2048K, 10 young (20480K), 1 survivors (2048K)
 Metaspace       used 34993K, committed 35264K, reserved 1114112K
  class space    used 4280K, committed 4416K, reserved 1048576K
}
Event: 2.068 GC heap after
{Heap after GC invocations=8 (full 0):
 garbage-first heap   total 157696K, used 19404K [0x0000000702000000, 0x0000000800000000)
  region size 2048K, 2 young (4096K), 2 survivors (4096K)
 Metaspace       used 34993K, committed 35264K, reserved 1114112K
  class space    used 4280K, committed 4416K, reserved 1048576K
}
Event: 2.163 GC heap before
{Heap before GC invocations=8 (full 0):
 garbage-first heap   total 157696K, used 25548K [0x0000000702000000, 0x0000000800000000)
  region size 2048K, 6 young (12288K), 2 survivors (4096K)
 Metaspace       used 35829K, committed 36096K, reserved 1114112K
  class space    used 4383K, committed 4480K, reserved 1048576K
}
Event: 2.167 GC heap after
{Heap after GC invocations=9 (full 0):
 garbage-first heap   total 157696K, used 19828K [0x0000000702000000, 0x0000000800000000)
  region size 2048K, 2 young (4096K), 2 survivors (4096K)
 Metaspace       used 35829K, committed 36096K, reserved 1114112K
  class space    used 4383K, committed 4480K, reserved 1048576K
}
Event: 2.857 GC heap before
{Heap before GC invocations=10 (full 0):
 garbage-first heap   total 81920K, used 64884K [0x0000000702000000, 0x0000000800000000)
  region size 2048K, 24 young (49152K), 2 survivors (4096K)
 Metaspace       used 42182K, committed 42560K, reserved 1114112K
  class space    used 5467K, committed 5632K, reserved 1048576K
}
Event: 2.868 GC heap after
{Heap after GC invocations=11 (full 0):
 garbage-first heap   total 81920K, used 23273K [0x0000000702000000, 0x0000000800000000)
  region size 2048K, 3 young (6144K), 3 survivors (6144K)
 Metaspace       used 42182K, committed 42560K, reserved 1114112K
  class space    used 5467K, committed 5632K, reserved 1048576K
}
Event: 3.405 GC heap before
{Heap before GC invocations=11 (full 0):
 garbage-first heap   total 81920K, used 58089K [0x0000000702000000, 0x0000000800000000)
  region size 2048K, 20 young (40960K), 3 survivors (6144K)
 Metaspace       used 47738K, committed 48192K, reserved 1114112K
  class space    used 6192K, committed 6400K, reserved 1048576K
}
Event: 3.410 GC heap after
{Heap after GC invocations=12 (full 0):
 garbage-first heap   total 81920K, used 25775K [0x0000000702000000, 0x0000000800000000)
  region size 2048K, 2 young (4096K), 2 survivors (4096K)
 Metaspace       used 47738K, committed 48192K, reserved 1114112K
  class space    used 6192K, committed 6400K, reserved 1048576K
}

